<?xml version="1.0" encoding="UTF-8"?>
<!-- Generated by org.testng.reporters.JUnitXMLReporter -->
<testsuite ignored="0" hostname="SIVANIKRITHIK" failures="0" tests="3" name="Test" time="38.593" errors="0" timestamp="2023-07-05T07:53:53 EDT">
  <testcase classname="parallelTest.chromeTest" name="testTitle" time="0.155"/>
  <testcase classname="parallelTest.chromeTest" name="clickOffers" time="2.201"/>
  <testcase classname="parallelTest.chromeTest" name="clickOrders" time="4.138"/>
</testsuite> <!-- Test -->
