<?xml version="1.0" encoding="UTF-8"?>
<!-- Generated by org.testng.reporters.JUnitXMLReporter -->
<testsuite ignored="0" hostname="SIVANIKRITHIK" failures="0" tests="11" name="parallelTest Edge" time="37.349" errors="0" timestamp="2023-07-05T22:42:06 EDT">
  <testcase classname="parallelTest.EdgeTest" name="getsarted" time="3.01"/>
  <testcase classname="parallelTest.EdgeTest" name="login" time="4.721"/>
  <testcase classname="parallelTest.EdgeTest" name="datastructures" time="3.254"/>
  <testcase classname="parallelTest.EdgeTest" name="arrays" time="2.757"/>
  <testcase classname="parallelTest.EdgeTest" name="arrays_sm1" time="2.225"/>
  <testcase classname="parallelTest.EdgeTest" name="arrays_sm2" time="1.127"/>
  <testcase classname="parallelTest.EdgeTest" name="arrays_sm3" time="1.099"/>
  <testcase classname="parallelTest.EdgeTest" name="arrays_PQ1" time="3.226"/>
  <testcase classname="parallelTest.EdgeTest" name="arrays_PQ2" time="1.179"/>
  <testcase classname="parallelTest.EdgeTest" name="arrays_PQ3" time="0.82"/>
  <testcase classname="parallelTest.EdgeTest" name="arrays_PQ4" time="4.185"/>
</testsuite> <!-- parallelTest Edge -->
