<?xml version="1.0" encoding="UTF-8"?>
<!-- Generated by org.testng.reporters.JUnitXMLReporter -->
<testsuite ignored="0" hostname="SIVANIKRITHIK" failures="0" tests="11" name="parallelTest chrome" time="39.06" errors="0" timestamp="2023-07-05T22:41:28 EDT">
  <testcase classname="parallelTest.chromeTest" name="getsarted" time="2.995"/>
  <testcase classname="parallelTest.chromeTest" name="login" time="3.7"/>
  <testcase classname="parallelTest.chromeTest" name="datastructures" time="2.319"/>
  <testcase classname="parallelTest.chromeTest" name="arrays" time="2.789"/>
  <testcase classname="parallelTest.chromeTest" name="arrays_sm1" time="2.146"/>
  <testcase classname="parallelTest.chromeTest" name="arrays_sm2" time="1.6"/>
  <testcase classname="parallelTest.chromeTest" name="arrays_sm3" time="1.179"/>
  <testcase classname="parallelTest.chromeTest" name="arrays_PQ1" time="3.352"/>
  <testcase classname="parallelTest.chromeTest" name="arrays_PQ2" time="1.634"/>
  <testcase classname="parallelTest.chromeTest" name="arrays_PQ3" time="1.014"/>
  <testcase classname="parallelTest.chromeTest" name="arrays_PQ4" time="4.029"/>
</testsuite> <!-- parallelTest chrome -->
