<?xml version="1.0" encoding="UTF-8"?>
<testng-results ignored="0" total="2" passed="2" failed="0" skipped="0">
  <reporter-output>
  </reporter-output>
  <suite started-at="2023-07-05T22:45:10 EDT" name="Default suite" finished-at="2023-07-05T22:45:51 EDT" duration-ms="40676">
    <groups>
    </groups>
    <test started-at="2023-07-05T22:45:10 EDT" name="Default test" finished-at="2023-07-05T22:45:51 EDT" duration-ms="40676">
      <class name="parallelTest.parallel_test$ParallelTest">
        <test-method signature="testChrome()[pri:1, instance:parallelTest.parallel_test$ParallelTest@7fd50002]" started-at="2023-07-05T22:45:10 EDT" name="testChrome" finished-at="2023-07-05T22:45:18 EDT" duration-ms="8072" status="PASS">
          <reporter-output>
          </reporter-output>
        </test-method> <!-- testChrome -->
        <test-method signature="testFirefox()[pri:2, instance:parallelTest.parallel_test$ParallelTest@7fd50002]" started-at="2023-07-05T22:45:18 EDT" name="testFirefox" finished-at="2023-07-05T22:45:46 EDT" duration-ms="27942" status="PASS">
          <reporter-output>
          </reporter-output>
        </test-method> <!-- testFirefox -->
        <test-method is-config="true" signature="close()[pri:0, instance:parallelTest.parallel_test$ParallelTest@7fd50002]" started-at="2023-07-05T22:45:46 EDT" name="close" finished-at="2023-07-05T22:45:51 EDT" duration-ms="4403" status="PASS">
          <reporter-output>
          </reporter-output>
        </test-method> <!-- close -->
      </class> <!-- parallelTest.parallel_test$ParallelTest -->
    </test> <!-- Default test -->
  </suite> <!-- Default suite -->
</testng-results>
